<?xml version="1.0" encoding="UTF-8"?>
<!-- Generated by org.testng.reporters.JUnitReportReporter -->
<testsuite hostname="DESKTOP-USK43B6" failures="0" tests="3" name="testNGAnnotation.Listners_Test" time="9.612" errors="0" timestamp="2021-06-30T13:05:39 IST" skipped="0">
  <testcase classname="testNGAnnotation.Listners_Test" name="test1" time="9.604"/>
  <system-out/>
  <testcase classname="testNGAnnotation.Listners_Test" name="test2" time="0.004"/>
  <system-out/>
  <testcase classname="testNGAnnotation.Listners_Test" name="test3" time="0.004"/>
  <system-out/>
</testsuite> <!-- testNGAnnotation.Listners_Test -->
