<?xml version="1.0" encoding="UTF-8"?>
<!-- Generated by org.testng.reporters.JUnitReportReporter -->
<testsuite hostname="DESKTOP-USK43B6" failures="0" tests="3" name="testNGAnnotation.Class_Level_Execution" time="0.009" errors="0" timestamp="2021-07-07T21:54:53 IST" skipped="0">
  <testcase classname="testNGAnnotation.Class_Level_Execution" name="test3" time="0.001"/>
  <system-out/>
  <testcase classname="testNGAnnotation.Class_Level_Execution" name="test4" time="0.001"/>
  <system-out/>
  <testcase classname="testNGAnnotation.Class_Level_Execution" name="test2" time="0.007"/>
  <system-out/>
</testsuite> <!-- testNGAnnotation.Class_Level_Execution -->
