<?xml version="1.0" encoding="UTF-8"?>
<!-- Generated by org.testng.reporters.JUnitReportReporter -->
<testsuite hostname="DESKTOP-USK43B6" failures="0" tests="2" name="testNGAnnotation.Anno" time="0.011" errors="0" timestamp="2021-06-27T17:42:51 IST" skipped="0">
  <testcase classname="testNGAnnotation.Anno" name="test1" time="0.006"/>
  <system-out/>
  <testcase classname="testNGAnnotation.Anno" name="test2" time="0.005"/>
  <system-out/>
</testsuite> <!-- testNGAnnotation.Anno -->
