<?xml version="1.0" encoding="UTF-8"?>
<!-- Generated by org.testng.reporters.JUnitReportReporter -->
<testsuite hostname="DESKTOP-USK43B6" failures="0" tests="4" name="testNGAnnotation.MockTestNG" time="0.017" errors="0" timestamp="2021-07-16T23:02:28 IST" skipped="0">
  <testcase classname="testNGAnnotation.MockTestNG" name="A" time="0.011"/>
  <system-out/>
  <testcase classname="testNGAnnotation.MockTestNG" name="C" time="0.001"/>
  <system-out/>
  <testcase classname="testNGAnnotation.MockTestNG" name="login" time="0.003"/>
  <system-out/>
  <testcase classname="testNGAnnotation.MockTestNG" name="B" time="0.002"/>
  <system-out/>
</testsuite> <!-- testNGAnnotation.MockTestNG -->
