<?xml version="1.0" encoding="UTF-8"?>
<!-- Generated by org.testng.reporters.JUnitReportReporter -->
<testsuite hostname="DESKTOP-USK43B6" failures="0" tests="1" name="testNGAnnotation.ActiTimeTestNGtestclass" time="1.650" errors="0" timestamp="2021-06-24T17:29:11 IST" skipped="0">
  <testcase classname="testNGAnnotation.ActiTimeTestNGtestclass" name="scenarioverifylogo" time="1.650"/>
  <system-out/>
</testsuite> <!-- testNGAnnotation.ActiTimeTestNGtestclass -->
