<?xml version="1.0" encoding="UTF-8"?>
<!-- Generated by org.testng.reporters.JUnitReportReporter -->
<testsuite hostname="DESKTOP-USK43B6" failures="0" tests="2" name="testNGAnnotation.TwoBrowser_Handling" time="11.215" errors="0" timestamp="2021-06-27T17:41:25 IST" skipped="0">
  <testcase classname="testNGAnnotation.TwoBrowser_Handling" name="achrome" time="3.656"/>
  <system-out/>
  <testcase classname="testNGAnnotation.TwoBrowser_Handling" name="afirefox" time="7.559"/>
  <system-out/>
</testsuite> <!-- testNGAnnotation.TwoBrowser_Handling -->
