<?xml version="1.0" encoding="UTF-8"?>
<!-- Generated by org.testng.reporters.JUnitReportReporter -->
<testsuite hostname="DESKTOP-USK43B6" failures="0" tests="5" name="testNGAnnotation.Group_TestNG" time="0.043" errors="0" timestamp="2021-06-29T23:36:51 IST" skipped="0">
  <testcase classname="testNGAnnotation.Group_TestNG" name="test3" time="0.009"/>
  <system-out/>
  <testcase classname="testNGAnnotation.Group_TestNG" name="test4" time="0.010"/>
  <system-out/>
  <testcase classname="testNGAnnotation.Group_TestNG" name="test0" time="0.008"/>
  <system-out/>
  <testcase classname="testNGAnnotation.Group_TestNG" name="test1" time="0.008"/>
  <system-out/>
  <testcase classname="testNGAnnotation.Group_TestNG" name="test2" time="0.008"/>
  <system-out/>
</testsuite> <!-- testNGAnnotation.Group_TestNG -->
