<?xml version="1.0" encoding="UTF-8"?>
<!-- Generated by org.testng.reporters.JUnitReportReporter -->
<testsuite hostname="DESKTOP-USK43B6" failures="0" tests="4" name="testNGAnnotation.Group" time="0.014" errors="0" timestamp="2021-06-27T17:47:05 IST" skipped="0">
  <testcase classname="testNGAnnotation.Group" name="test2" time="0.002"/>
  <system-out/>
  <testcase classname="testNGAnnotation.Group" name="test3" time="0.002"/>
  <system-out/>
  <testcase classname="testNGAnnotation.Group" name="test1" time="0.009"/>
  <system-out/>
  <testcase classname="testNGAnnotation.Group" name="test4" time="0.001"/>
  <system-out/>
</testsuite> <!-- testNGAnnotation.Group -->
