<?xml version="1.0" encoding="UTF-8"?>
<!-- Generated by org.testng.reporters.JUnitReportReporter -->
<testsuite hostname="DESKTOP-USK43B6" failures="0" tests="3" name="testNGAnnotation.TwoBrowserHandling" time="5.867" errors="0" timestamp="2021-06-27T17:42:51 IST" skipped="0">
  <testcase classname="testNGAnnotation.TwoBrowserHandling" name="fbc" time="0.003"/>
  <system-out/>
  <testcase classname="testNGAnnotation.TwoBrowserHandling" name="def" time="0.001"/>
  <system-out/>
  <testcase classname="testNGAnnotation.TwoBrowserHandling" name="afirefox" time="5.863"/>
  <system-out/>
</testsuite> <!-- testNGAnnotation.TwoBrowserHandling -->
