<?xml version="1.0" encoding="UTF-8"?>
<!-- Generated by org.testng.reporters.JUnitReportReporter -->
<testsuite hostname="DESKTOP-USK43B6" failures="0" tests="5" name="testNGAnnotation.Meta_Group" time="0.051" errors="0" timestamp="2021-06-29T23:45:28 IST" skipped="0">
  <testcase classname="testNGAnnotation.Meta_Group" name="test6" time="0.010"/>
  <system-out/>
  <testcase classname="testNGAnnotation.Meta_Group" name="test7" time="0.010"/>
  <system-out/>
  <testcase classname="testNGAnnotation.Meta_Group" name="test9" time="0.010"/>
  <system-out/>
  <testcase classname="testNGAnnotation.Meta_Group" name="test8" time="0.011"/>
  <system-out/>
  <testcase classname="testNGAnnotation.Meta_Group" name="test5" time="0.010"/>
  <system-out/>
</testsuite> <!-- testNGAnnotation.Meta_Group -->
