<?xml version="1.0" encoding="UTF-8"?>
<!-- Generated by org.testng.reporters.JUnitReportReporter -->
<testsuite hostname="DESKTOP-USK43B6" failures="0" tests="5" name="testNGAnnotation.AnnotaionAndKeyword" time="0.040" errors="0" timestamp="2021-06-26T06:32:50 IST" skipped="0">
  <testcase classname="testNGAnnotation.AnnotaionAndKeyword" name="xyz" time="0.006"/>
  <system-out/>
  <testcase classname="testNGAnnotation.AnnotaionAndKeyword" name="mno" time="0.022"/>
  <system-out/>
  <testcase classname="testNGAnnotation.AnnotaionAndKeyword" name="abc" time="0.006"/>
  <system-out/>
  <testcase classname="testNGAnnotation.AnnotaionAndKeyword" name="pqr" time="0.003"/>
  <system-out/>
  <testcase classname="testNGAnnotation.AnnotaionAndKeyword" name="def" time="0.003"/>
  <system-out/>
</testsuite> <!-- testNGAnnotation.AnnotaionAndKeyword -->
