<?xml version="1.0" encoding="UTF-8"?>
<!-- Generated by org.testng.reporters.JUnitReportReporter -->
<testsuite hostname="DESKTOP-USK43B6" failures="0" tests="1" name="testNGAnnotation.TestClassForListener" time="0.009" errors="0" timestamp="2021-07-23T20:46:19 IST" skipped="0">
  <testcase classname="testNGAnnotation.TestClassForListener" name="test1" time="0.009"/>
  <system-out/>
</testsuite> <!-- testNGAnnotation.TestClassForListener -->
