<?xml version="1.0" encoding="UTF-8"?>
<!-- Generated by org.testng.reporters.JUnitReportReporter -->
<testsuite hostname="DESKTOP-USK43B6" failures="0" tests="5" name="testNGAnnotation.AnnotaionsAndKeyword" time="0.018" errors="0" timestamp="2021-06-23T23:04:35 IST" skipped="0">
  <testcase classname="testNGAnnotation.AnnotaionsAndKeyword" name="test2" time="0.001"/>
  <system-out/>
  <testcase classname="testNGAnnotation.AnnotaionsAndKeyword" name="test4" time="0.002"/>
  <system-out/>
  <testcase classname="testNGAnnotation.AnnotaionsAndKeyword" name="test3" time="0.001"/>
  <system-out/>
  <testcase classname="testNGAnnotation.AnnotaionsAndKeyword" name="test1" time="0.013"/>
  <system-out/>
  <testcase classname="testNGAnnotation.AnnotaionsAndKeyword" name="test5" time="0.001"/>
  <system-out/>
</testsuite> <!-- testNGAnnotation.AnnotaionsAndKeyword -->
