<?xml version="1.0" encoding="UTF-8"?>
<!-- Generated by org.testng.reporters.JUnitReportReporter -->
<testsuite hostname="DESKTOP-USK43B6" failures="0" tests="3" name="testNGAnnotation.Regular_Expression" time="0.014" errors="0" timestamp="2021-06-29T23:58:53 IST" skipped="0">
  <testcase classname="testNGAnnotation.Regular_Expression" name="test12" time="0.001"/>
  <system-out/>
  <testcase classname="testNGAnnotation.Regular_Expression" name="test13" time="0.002"/>
  <system-out/>
  <testcase classname="testNGAnnotation.Regular_Expression" name="test10" time="0.011"/>
  <system-out/>
</testsuite> <!-- testNGAnnotation.Regular_Expression -->
