<?xml version="1.0" encoding="UTF-8"?>
<!-- Generated by org.testng.reporters.JUnitReportReporter -->
<testsuite hostname="DESKTOP-USK43B6" failures="0" tests="6" name="testNGAnnotation.Keywords" time="0.037" errors="0" timestamp="2021-06-26T06:42:26 IST" skipped="1">
  <testcase classname="testNGAnnotation.Keywords" name="abc" time="0.022"/>
  <system-out/>
  <testcase classname="testNGAnnotation.Keywords" name="abc" time="0.004"/>
  <system-out/>
  <testcase classname="testNGAnnotation.Keywords" name="abc" time="0.003"/>
  <system-out/>
  <testcase classname="testNGAnnotation.Keywords" name="def" time="0.004"/>
  <system-out/>
  <testcase classname="testNGAnnotation.Keywords" name="mno" time="0.004"/>
  <system-out/>
  <testcase classname="testNGAnnotation.Keywords" name="xyz">
    <skipped/>
  </testcase> <!-- xyz -->
  <system-out/>
</testsuite> <!-- testNGAnnotation.Keywords -->
